<?xml version='1.0' encoding='us-ascii'?>
<testsuite name="FACT-0.0.5" tests="12" failures="0" errors="0" skipped="0" time="7.6176"><testcase name="Compile" time="0.688008" /><testcase name="CodeStructure get_digits_reverse" time="0.767944" /><testcase name="GreyBoxTestGetDigitsReverse1" time="0.681198" /><testcase name="GreyBoxTestGetDigitsReverse2" time="0.645477" /><testcase name="GreyBoxTestGetDigitsReverse3" time="0.619968" /><testcase name="CodeStructure digit_invisible_by" time="0.255632" /><testcase name="GreyBoxTestDigitInvisibleBy1" time="0.616477" /><testcase name="GreyBoxTestDigitInvisibleBy2" time="1.181147" /><testcase name="CodeStructure invisible_by" time="0.250515" /><testcase name="GreyBoxTestInvisibleBy1" time="0.63899" /><testcase name="GreyBoxTestInvisibleBy2" time="0.686711" /><testcase name="GreyBoxTestInvisibleBy3" time="0.585533" /></testsuite>
